#
# There is insufficient memory for the Java Runtime Environment to continue.
# Native memory allocation (malloc) failed to allocate 1792 bytes for AllocateHeap
# Possible reasons:
#   The system is out of physical RAM or swap space
#   In 32 bit mode, the process size limit was hit
# Possible solutions:
#   Reduce memory load on the system
#   Increase physical memory or swap space
#   Check if swap backing store is full
#   Use 64 bit Java on a 64 bit OS
#   Decrease Java heap size (-Xmx/-Xms)
#   Decrease number of Java threads
#   Decrease Java thread stack sizes (-Xss)
#   Set larger code cache with -XX:ReservedCodeCacheSize=
# This output file may be truncated or incomplete.
#
#  Out of Memory Error (memory/allocation.inline.hpp:61), pid=3316, tid=7016
#
# JRE version: Java(TM) SE Runtime Environment (8.0_77-b03) (build 1.8.0_77-b03)
# Java VM: Java HotSpot(TM) 64-Bit Server VM (25.77-b03 mixed mode windows-amd64 compressed oops)
# Failed to write core dump. Minidumps are not enabled by default on client versions of Windows
#

---------------  T H R E A D  ---------------

Current thread (0x0000000002666800):  GCTaskThread [stack: 0x0000000011e80000,0x0000000011f80000] [id=7016]

Stack: [0x0000000011e80000,0x0000000011f80000]
[error occurred during error reporting (printing stack bounds), id 0xc0000005]

Native frames: (J=compiled Java code, j=interpreted, Vv=VM code, C=native code)

JavaThread 0x0000000014e0a000 (nid = 5108) was being processed
Java frames: (J=compiled Java code, j=interpreted, Vv=VM code)
j  java.lang.Object.wait(J)V+0
j  java.lang.ref.ReferenceQueue.remove(J)Ljava/lang/ref/Reference;+59
j  java.lang.ref.ReferenceQueue.remove()Ljava/lang/ref/Reference;+2
j  java.lang.ref.Finalizer$FinalizerThread.run()V+36
v  ~StubRoutines::call_stub

---------------  P R O C E S S  ---------------

Java Threads: ( => current thread )
  0x00000000167b8000 JavaThread "pool-3-thread-1" [_thread_blocked, id=740, stack(0x0000000016e80000,0x0000000016f80000)]
  0x00000000167b7000 JavaThread "pool-2-thread-1" [_thread_blocked, id=6804, stack(0x0000000016d80000,0x0000000016e80000)]
  0x000000001668a000 JavaThread "Service Thread" daemon [_thread_blocked, id=5976, stack(0x0000000016b80000,0x0000000016c80000)]
  0x0000000014e78000 JavaThread "C1 CompilerThread2" daemon [_thread_blocked, id=7780, stack(0x0000000016a80000,0x0000000016b80000)]
  0x0000000014e75800 JavaThread "C2 CompilerThread1" daemon [_thread_blocked, id=4640, stack(0x0000000016580000,0x0000000016680000)]
  0x0000000014e28000 JavaThread "C2 CompilerThread0" daemon [_thread_blocked, id=6864, stack(0x0000000016480000,0x0000000016580000)]
  0x0000000014e26000 JavaThread "Attach Listener" daemon [_thread_blocked, id=2904, stack(0x0000000016380000,0x0000000016480000)]
  0x0000000014e24800 JavaThread "Signal Dispatcher" daemon [_thread_blocked, id=4388, stack(0x0000000016280000,0x0000000016380000)]
  0x0000000014e0a000 JavaThread "Finalizer" daemon [_thread_blocked, id=5108, stack(0x00000000160a0000,0x00000000161a0000)]
  0x000000000273f000 JavaThread "Reference Handler" daemon [_thread_blocked, id=4484, stack(0x0000000015fa0000,0x00000000160a0000)]
  0x0000000002650800 JavaThread "main" [_thread_blocked, id=6768, stack(0x00000000024a0000,0x00000000025a0000)]

Other Threads:
  0x0000000014de8000 VMThread [stack: 0x0000000015ea0000,0x0000000015fa0000] [id=5208]
  0x00000000166a8000 WatcherThread [stack: 0x0000000016c80000,0x0000000016d80000] [id=7416]

=>0x0000000002666800 (exited) GCTaskThread [stack: 0x0000000011e80000,0x0000000011f80000] [id=7016]

VM state:at safepoint (normal execution)

VM Mutex/Monitor currently owned by a thread:  ([mutex/lock_event])
[0x000000000264b640] OopMapCacheAlloc_lock - owner thread: 0x0000000002666800
[0x000000000264b910] Threads_lock - owner thread: 0x0000000014de8000
[0x000000000264be10] Heap_lock - owner thread: 0x00000000167b7000

Heap:
 PSYoungGen      total 18944K, used 3647K [0x00000000eab00000, 0x00000000ec000000, 0x0000000100000000)
  eden space 16384K, 22% used [0x00000000eab00000,0x00000000eae8fd10,0x00000000ebb00000)
  from space 2560K, 0% used [0x00000000ebd80000,0x00000000ebd80000,0x00000000ec000000)
  to   space 2560K, 5% used [0x00000000ebb00000,0x00000000ebb20000,0x00000000ebd80000)
 ParOldGen       total 44032K, used 0K [0x00000000c0000000, 0x00000000c2b00000, 0x00000000eab00000)
  object space 44032K, 0% used [0x00000000c0000000,0x00000000c0000000,0x00000000c2b00000)
 Metaspace       used 3632K, capacity 5008K, committed 5120K, reserved 1060864K
  class space    used 413K, capacity 456K, committed 512K, reserved 1048576K

Card table byte_map: [0x0000000011b10000,0x0000000011d20000] byte_map_base: 0x0000000011510000

Marking Bits: (ParMarkBitMap*) 0x0000000064160600
 Begin Bits: [0x0000000012280000, 0x0000000013280000)
 End Bits:   [0x0000000013280000, 0x0000000014280000)

Polling page: 0x0000000000c90000

CodeCache: size=245760Kb used=1283Kb max_used=1293Kb free=244476Kb
 bounds [0x0000000002750000, 0x00000000029c0000, 0x0000000011750000]
 total_blobs=366 nmethods=120 adapters=159
 compilation: enabled

Compilation events (10 events):
Event: 0.541 Thread 0x0000000014e78000 nmethod 116 0x000000000288c190 code [0x000000000288c300, 0x000000000288c570]
Event: 0.543 Thread 0x0000000014e78000  117       3       sun.net.www.ParseUtil::encodePath (336 bytes)
Event: 0.544 Thread 0x0000000014e78000 nmethod 117 0x0000000002892d10 code [0x0000000002892f80, 0x0000000002893f78]
Event: 0.544 Thread 0x0000000014e78000  118       3       java.util.BitSet::wordIndex (5 bytes)
Event: 0.545 Thread 0x0000000014e78000 nmethod 118 0x000000000288e0d0 code [0x000000000288e220, 0x000000000288e350]
Event: 0.546 Thread 0x0000000014e78000  119       3       java.util.BitSet::checkInvariants (111 bytes)
Event: 0.546 Thread 0x0000000014e78000 nmethod 119 0x000000000288dd90 code [0x000000000288dee0, 0x000000000288e070]
Event: 0.553 Thread 0x0000000014e78000  120       3       java.lang.String::indexOf (25 bytes)
Event: 0.554 Thread 0x0000000014e78000 nmethod 120 0x000000000288d950 code [0x000000000288dac0, 0x000000000288dc68]
Event: 0.554 Thread 0x0000000014e78000  121  s    3       java.lang.StringBuffer::append (13 bytes)

GC Heap History (1 events):
Event: 0.554 GC heap before
{Heap before GC invocations=1 (full 0):
 PSYoungGen      total 18944K, used 3647K [0x00000000eab00000, 0x00000000ec000000, 0x0000000100000000)
  eden space 16384K, 22% used [0x00000000eab00000,0x00000000eae8fd10,0x00000000ebb00000)
  from space 2560K, 0% used [0x00000000ebd80000,0x00000000ebd80000,0x00000000ec000000)
  to   space 2560K, 0% used [0x00000000ebb00000,0x00000000ebb00000,0x00000000ebd80000)
 ParOldGen       total 44032K, used 0K [0x00000000c0000000, 0x00000000c2b00000, 0x00000000eab00000)
  object space 44032K, 0% used [0x00000000c0000000,0x00000000c0000000,0x00000000c2b00000)
 Metaspace       used 3632K, capacity 5008K, committed 5120K, reserved 1060864K
  class space    used 413K, capacity 456K, committed 512K, reserved 1048576K

Deoptimization events (0 events):
No events

Internal exceptions (2 events):
Event: 0.156 Thread 0x0000000002650800 Exception <a 'java/lang/NoSuchMethodError': Method sun.misc.Unsafe.defineClass(Ljava/lang/String;[BII)Ljava/lang/Class; name or signature does not match> (0x00000000eab07cc0) thrown at [D:\re\workspace\8-2-build-windows-amd64-cygwin\jdk8u77\6540\hotspot\sr¬üÂØúÃ?
Event: 0.156 Thread 0x0000000002650800 Exception <a 'java/lang/NoSuchMethodError': Method sun.misc.Unsafe.prefetchRead(Ljava/lang/Object;J)V name or signature does not match> (0x00000000eab07fa8) thrown at [D:\re\workspace\8-2-build-windows-amd64-cygwin\jdk8u77\6540\hotspot\src\share\vm\prims\j

Events (10 events):
Event: 0.550 loading class com/android/dx/dex/cf/AttributeTranslator done
Event: 0.551 loading class com/android/dx/util/Warning
Event: 0.551 loading class com/android/dx/util/Warning done
Event: 0.552 loading class com/android/dx/rop/annotation/Annotations
Event: 0.552 loading class com/android/dx/rop/annotation/Annotations done
Event: 0.552 loading class com/android/dx/rop/code/AccessFlags
Event: 0.552 loading class com/android/dx/rop/code/AccessFlags done
Event: 0.553 loading class com/android/dx/rop/cst/CstEnumRef
Event: 0.553 loading class com/android/dx/rop/cst/CstEnumRef done
Event: 0.554 Executing VM operation: CollectForMetadataAllocation


Dynamic libraries:
0x00007ff796890000 - 0x00007ff7968c7000 	C:\Program Files\Java\jdk1.8.0_77\bin\java.exe
0x00007ff8e0a80000 - 0x00007ff8e0c2d000 	C:\WINDOWS\SYSTEM32\ntdll.dll
0x00007ff8dfcd0000 - 0x00007ff8dfe0e000 	C:\WINDOWS\system32\KERNEL32.DLL
0x00007ff8ddf30000 - 0x00007ff8de045000 	C:\WINDOWS\system32\KERNELBASE.dll
0x00007ff8dc770000 - 0x00007ff8dc7fe000 	C:\WINDOWS\system32\apphelp.dll
0x00007ff8cada0000 - 0x00007ff8cadf3000 	C:\WINDOWS\AppPatch\AppPatch64\AcGenral.DLL
0x00007ff8de450000 - 0x00007ff8de4fa000 	C:\WINDOWS\system32\msvcrt.dll
0x00007ff8dda70000 - 0x00007ff8dda9e000 	C:\WINDOWS\SYSTEM32\SspiCli.dll
0x00007ff8de270000 - 0x00007ff8de2c4000 	C:\WINDOWS\system32\SHLWAPI.dll
0x00007ff8de2d0000 - 0x00007ff8de447000 	C:\WINDOWS\system32\USER32.dll
0x00007ff8e0750000 - 0x00007ff8e08e4000 	C:\WINDOWS\system32\ole32.dll
0x00007ff8de7a0000 - 0x00007ff8dfcca000 	C:\WINDOWS\system32\SHELL32.dll
0x00007ff8dd1f0000 - 0x00007ff8dd211000 	C:\WINDOWS\SYSTEM32\USERENV.dll
0x00007ff8e02a0000 - 0x00007ff8e034a000 	C:\WINDOWS\system32\ADVAPI32.dll
0x00007ff8cf380000 - 0x00007ff8cf39e000 	C:\WINDOWS\SYSTEM32\MPR.dll
0x00007ff8dfe20000 - 0x00007ff8dff61000 	C:\WINDOWS\system32\RPCRT4.dll
0x00007ff8e0390000 - 0x00007ff8e03e9000 	C:\WINDOWS\SYSTEM32\sechost.dll
0x00007ff8e0520000 - 0x00007ff8e0731000 	C:\WINDOWS\SYSTEM32\combase.dll
0x00007ff8de120000 - 0x00007ff8de270000 	C:\WINDOWS\system32\GDI32.dll
0x00007ff8ddbd0000 - 0x00007ff8ddbe5000 	C:\WINDOWS\SYSTEM32\profapi.dll
0x00007ff8dbf20000 - 0x00007ff8dbfd2000 	C:\WINDOWS\SYSTEM32\SHCORE.dll
0x00007ff8e0350000 - 0x00007ff8e0386000 	C:\WINDOWS\system32\IMM32.DLL
0x00007ff8e0140000 - 0x00007ff8e0292000 	C:\WINDOWS\system32\MSCTF.dll
0x00007ff8d9e30000 - 0x00007ff8da0ab000 	C:\WINDOWS\WinSxS\amd64_microsoft.windows.common-controls_6595b64144ccf1df_6.0.9600.18006_none_623f33d3ecbe86e8\COMCTL32.dll
0x0000000063370000 - 0x0000000063442000 	C:\Program Files\Java\jdk1.8.0_77\jre\bin\msvcr100.dll
0x0000000063950000 - 0x00000000641e0000 	C:\Program Files\Java\jdk1.8.0_77\jre\bin\server\jvm.dll
0x00007ff8c6780000 - 0x00007ff8c6789000 	C:\WINDOWS\SYSTEM32\WSOCK32.dll
0x00007ff8db460000 - 0x00007ff8db482000 	C:\WINDOWS\SYSTEM32\WINMM.dll
0x00007ff8d40b0000 - 0x00007ff8d40ba000 	C:\WINDOWS\SYSTEM32\VERSION.dll
0x00007ff8e0740000 - 0x00007ff8e0747000 	C:\WINDOWS\system32\PSAPI.DLL
0x00007ff8e08f0000 - 0x00007ff8e094a000 	C:\WINDOWS\system32\WS2_32.dll
0x00007ff8dac30000 - 0x00007ff8dac5a000 	C:\WINDOWS\SYSTEM32\WINMMBASE.dll
0x00007ff8dfe10000 - 0x00007ff8dfe19000 	C:\WINDOWS\system32\NSI.dll
0x00007ff8dde80000 - 0x00007ff8ddecf000 	C:\WINDOWS\SYSTEM32\cfgmgr32.dll
0x00007ff8dc9c0000 - 0x00007ff8dc9e8000 	C:\WINDOWS\SYSTEM32\DEVOBJ.dll
0x0000000063860000 - 0x000000006386f000 	C:\Program Files\Java\jdk1.8.0_77\jre\bin\verify.dll
0x0000000063830000 - 0x0000000063859000 	C:\Program Files\Java\jdk1.8.0_77\jre\bin\java.dll
0x0000000063810000 - 0x0000000063826000 	C:\Program Files\Java\jdk1.8.0_77\jre\bin\zip.dll

VM Arguments:
jvm_args: -Djava.awt.headless=true -Xmx1024M -Dfile.encoding=windows-1252 -Duser.country=US -Duser.language=en -Duser.variant 
java_command: com.android.dx.command.Main --dex --force-jumbo --num-threads=4 --multi-dex --output C:\Users\Ali\Desktop\BigApp\app\build\intermediates\transforms\dex\debug\folders\1000\5\slice_0 C:\Users\Ali\Desktop\BigApp\app\build\intermediates\transforms\instantRunSlicer\debug\folders\1\5\slice_0
java_class_path (initial): C:\Users\Ali\AppData\Local\Android\Sdk\build-tools\23.0.3\lib\dx.jar
Launcher Type: SUN_STANDARD

Environment Variables:
PATH=C:\ProgramData\Oracle\Java\javapath;C:\WINDOWS\system32;C:\WINDOWS;C:\WINDOWS\System32\Wbem;C:\WINDOWS\System32\WindowsPowerShell\v1.0\;C:\Program Files (x86)\GtkSharp\2.12\bin
USERNAME=Ali
OS=Windows_NT
PROCESSOR_IDENTIFIER=Intel64 Family 6 Model 69 Stepping 1, GenuineIntel



---------------  S Y S T E M  ---------------

OS: Windows 8.1 , 64 bit Build 9600 (6.3.9600.17415)

CPU:total 4 (2 cores per cpu, 2 threads per core) family 6 model 69 stepping 1, cmov, cx8, fxsr, mmx, sse, sse2, sse3, ssse3, sse4.1, sse4.2, popcnt, avx, avx2, aes, clmul, erms, lzcnt, ht, tsc, tscinvbit, bmi1, bmi2

Memory: 4k page, physical 4097096k(102284k free), swap 7242824k(5088k free)

vm_info: Java HotSpot(TM) 64-Bit Server VM (25.77-b03) for windows-amd64 JRE (1.8.0_77-b03), built on Mar 20 2016 22:01:33 by "java_re" with MS VC++ 10.0 (VS2010)

time: Thu May 12 13:51:49 2016
elapsed time: 0 seconds (0d 0h 0m 0s)

